[01m[K/home/hao-guo/Intro2Ros2023_Quadruped_Project/src/depth2cloud/src/depth2cloud_node.cpp:[m[K In function â€˜[01m[Kvoid img_callback(const ImageConstPtr&)[m[Kâ€™:
[01m[K/home/hao-guo/Intro2Ros2023_Quadruped_Project/src/depth2cloud/src/depth2cloud_node.cpp:41:13:[m[K [01;31m[Kerror: [m[Kâ€˜[01m[Kzi[m[Kâ€™ was not declared in this scope; did you mean â€˜[01m[Kz[m[Kâ€™?
   41 |             [01;31m[Kzi[m[K = *(depth_data + (uy*width + ux) * 2 ); //mm
      |             [01;31m[K^~[m[K
      |             [32m[Kz[m[K
[01m[K/home/hao-guo/Intro2Ros2023_Quadruped_Project/src/depth2cloud/src/depth2cloud_node.cpp:42:13:[m[K [01;31m[Kerror: [m[Kâ€˜[01m[Kzi_plus_1[m[Kâ€™ was not declared in this scope
   42 |             [01;31m[Kzi_plus_1[m[K = *(depth_data + (uy*width + ux) * 2 + 1);
      |             [01;31m[K^~~~~~~~~[m[K
[01m[K/home/hao-guo/Intro2Ros2023_Quadruped_Project/src/depth2cloud/src/depth2cloud_node.cpp:46:13:[m[K [01;31m[Kerror: [m[Kâ€˜[01m[Kfx[m[Kâ€™ was not declared in this scope; did you mean â€˜[01m[Kx[m[Kâ€™?
   46 |             [01;31m[Kfx[m[K = K[0];
      |             [01;31m[K^~[m[K
      |             [32m[Kx[m[K
[01m[K/home/hao-guo/Intro2Ros2023_Quadruped_Project/src/depth2cloud/src/depth2cloud_node.cpp:47:13:[m[K [01;31m[Kerror: [m[Kâ€˜[01m[Kfy[m[Kâ€™ was not declared in this scope; did you mean â€˜[01m[Ky[m[Kâ€™?
   47 |             [01;31m[Kfy[m[K = K[4];
      |             [01;31m[K^~[m[K
      |             [32m[Ky[m[K
[01m[K/home/hao-guo/Intro2Ros2023_Quadruped_Project/src/depth2cloud/src/depth2cloud_node.cpp:48:13:[m[K [01;31m[Kerror: [m[Kâ€˜[01m[Kux0[m[Kâ€™ was not declared in this scope; did you mean â€˜[01m[Kux[m[Kâ€™?
   48 |             [01;31m[Kux0[m[K = K[2];
      |             [01;31m[K^~~[m[K
      |             [32m[Kux[m[K
[01m[K/home/hao-guo/Intro2Ros2023_Quadruped_Project/src/depth2cloud/src/depth2cloud_node.cpp:49:13:[m[K [01;31m[Kerror: [m[Kâ€˜[01m[Kuy0[m[Kâ€™ was not declared in this scope; did you mean â€˜[01m[Kuy[m[Kâ€™?
   49 |             [01;31m[Kuy0[m[K = K[5];
      |             [01;31m[K^~~[m[K
      |             [32m[Kuy[m[K
make[2]: *** [CMakeFiles/depth2cloud.dir/build.make:63: CMakeFiles/depth2cloud.dir/src/depth2cloud_node.cpp.o] Error 1
make[1]: *** [CMakeFiles/Makefile2:1348: CMakeFiles/depth2cloud.dir/all] Error 2
make: *** [Makefile:141: all] Error 2
